<?xml version="1.0" encoding="UTF-8"?>
<testsuite xmlns:xsi="http://www.w3.org/2001/XMLSchema-instance" xsi:noNamespaceSchemaLocation="https://maven.apache.org/surefire/maven-surefire-plugin/xsd/surefire-test-report.xsd" version="3.0.2" name="com.example.demo.PreenchedorDePontoApplicationTests" time="5.704" tests="1" errors="0" skipped="0" failures="0">
  <properties>
[...]
</properties>
  <testcase name="contextLoads" classname="com.example.demo.PreenchedorDePontoApplicationTests" time="2.162">
    <system-out><![CDATA[18:42:14.083 [main] INFO org.springframework.test.context.support.AnnotationConfigContextLoaderUtils -- Could not detect default configuration classes for test class [com.example.demo.PreenchedorDePontoApplicationTests]: PreenchedorDePontoApplicationTests does not declare any static, non-private, non-final, nested classes annotated with @Configuration.
18:42:14.423 [main] INFO org.springframework.boot.test.context.SpringBootTestContextBootstrapper -- Found @SpringBootConfiguration com.example.demo.PreenchedorDePontoApplication for test class com.example.demo.PreenchedorDePontoApplicationTests

  .   ____          _            __ _ _
 /\\ / ___'_ __ _ _(_)_ __  __ _ \ \ \ \
( ( )\___ | '_ | '_| | '_ \/ _` | \ \ \ \
 \\/  ___)| |_)| | | | | || (_| |  ) ) ) )
  '  |____| .__|_| |_|_| |_\__, | / / / /
 =========|_|==============|___/=/_/_/_/

 :: Spring Boot ::                (v3.4.1)

2024-12-26T18:42:15.720-03:00  INFO 19476 --- [preenchedor de ponto] [           main] c.e.d.PreenchedorDePontoApplicationTests : Starting PreenchedorDePontoApplicationTests using Java 17.0.11 with PID 19476 (started by vinicius.nogueira in C:\Users\vinicius.nogueira\Desktop\preenchedor ponto\demo\demo)
2024-12-26T18:42:15.724-03:00  INFO 19476 --- [preenchedor de ponto] [           main] c.e.d.PreenchedorDePontoApplicationTests : No active profile set, falling back to 1 default profile: "default"
2024-12-26T18:42:17.140-03:00  INFO 19476 --- [preenchedor de ponto] [           main] c.e.d.PreenchedorDePontoApplicationTests : Started PreenchedorDePontoApplicationTests in 2.294 seconds (process running for 5.031)
]]></system-out>
  </testcase>
</testsuite>